<?xml version="1.0" encoding="UTF-8"?>
<!-- Generated by org.testng.reporters.JUnitReportReporter -->
<testsuite hostname="DESKTOP-00GI9FB" failures="0" tests="4" name="tests.UserTest" time="5.010" errors="0" timestamp="2024-10-17T17:51:06 CST" skipped="0">
  <testcase classname="tests.UserTest" name="CreatePetStoreUser" time="3.615"/>
  <testcase classname="tests.UserTest" name="GetPetStoreUserDetails" time="0.388"/>
  <testcase classname="tests.UserTest" name="UpdatePetStoreUserDetails" time="0.679"/>
  <testcase classname="tests.UserTest" name="DeletePetStoreUser" time="0.328"/>
</testsuite> <!-- tests.UserTest -->
