<?xml version="1.0" encoding="UTF-8"?>
<!-- Generated by org.testng.reporters.JUnitReportReporter -->
<testsuite hostname="DESKTOP-00GI9FB" failures="0" tests="4" name="tests.UserTest" time="4.717" errors="0" timestamp="2024-10-17T18:41:04 CST" skipped="0">
  <testcase classname="tests.UserTest" name="CreatePetStoreUser" time="3.296"/>
  <testcase classname="tests.UserTest" name="GetPetStoreUserDetails" time="0.400"/>
  <testcase classname="tests.UserTest" name="UpdatePetStoreUserDetails" time="0.691"/>
  <testcase classname="tests.UserTest" name="DeletePetStoreUser" time="0.330"/>
</testsuite> <!-- tests.UserTest -->
