<?xml version="1.0" encoding="UTF-8"?>
<!-- Generated by org.testng.reporters.JUnitReportReporter -->
<testsuite hostname="DESKTOP-00GI9FB" failures="0" tests="6" name="tests.DDtest" time="4.969" errors="0" timestamp="2024-10-17T01:34:05 CST" skipped="0">
  <testcase classname="tests.DDtest" name="ddtestPostUser" time="0.355"/>
  <testcase classname="tests.DDtest" name="ddtestPostUser" time="3.211"/>
  <testcase classname="tests.DDtest" name="ddtestPostUser" time="0.355"/>
  <testcase classname="tests.DDtest" name="ddtestDeleteUserByName" time="0.380"/>
  <testcase classname="tests.DDtest" name="ddtestDeleteUserByName" time="0.334"/>
  <testcase classname="tests.DDtest" name="ddtestDeleteUserByName" time="0.334"/>
</testsuite> <!-- tests.DDtest -->
