<?xml version="1.0" encoding="UTF-8"?>
<!-- Generated by org.testng.reporters.JUnitReportReporter -->
<testsuite hostname="DESKTOP-00GI9FB" failures="0" tests="4" name="tests.StoreTest" time="1.343" errors="0" timestamp="2024-10-17T17:52:50 CST" skipped="0">
  <testcase classname="tests.StoreTest" name="GetPetStoreInventory" time="0.332"/>
  <testcase classname="tests.StoreTest" name="PlacePetStoreOrder" time="0.351"/>
  <testcase classname="tests.StoreTest" name="GetPetStoreOrder" time="0.334"/>
  <testcase classname="tests.StoreTest" name="DeletePetStoreOrder" time="0.326"/>
</testsuite> <!-- tests.StoreTest -->
