<?xml version="1.0" encoding="UTF-8"?>
<!-- Generated by org.testng.reporters.JUnitReportReporter -->
<testsuite hostname="DESKTOP-00GI9FB" failures="0" tests="4" name="tests.UserTest" time="4.669" errors="0" timestamp="2024-10-17T17:52:50 CST" skipped="0">
  <testcase classname="tests.UserTest" name="CreatePetStoreUser" time="3.287"/>
  <testcase classname="tests.UserTest" name="GetPetStoreUserDetails" time="0.361"/>
  <testcase classname="tests.UserTest" name="UpdatePetStoreUserDetails" time="0.688"/>
  <testcase classname="tests.UserTest" name="DeletePetStoreUser" time="0.333"/>
</testsuite> <!-- tests.UserTest -->
